<?xml version="1.0" encoding="UTF-8"?>
<!-- Generated by org.testng.reporters.JUnitReportReporter -->
<testsuite hostname="ResJammer" failures="0" tests="2" name="tests.TS_01" time="37.934" errors="0" timestamp="2020-12-17T12:36:25 IST" skipped="0">
  <testcase classname="tests.TS_01" name="credentials" time="12.782"/>
  <testcase classname="tests.TS_01" name="search" time="25.152"/>
</testsuite> <!-- tests.TS_01 -->
