<?xml version="1.0" encoding="UTF-8"?>
<!-- Generated by org.testng.reporters.JUnitReportReporter -->
<testsuite hostname="ResJammer" failures="0" tests="1" name="QEA.DemoProject.SignIn" time="36.778" errors="0" timestamp="2020-12-15T15:39:16 IST" skipped="0">
  <testcase classname="QEA.DemoProject.SignIn" name="find" time="36.778"/>
</testsuite> <!-- QEA.DemoProject.SignIn -->
